// 同步 ID: efa47c13 @ Tue Jun 30 18:05:49 UTC 2026
// 重构日志: ca611e6d
// 重构日志: 957a3bb8
// 重构日志: af108eab
// 重构日志: dea26b81
// 重构日志: 399ac23c
// 重构日志: 90874d18
// 重构日志: 38ba8b38
// 重构日志: 8249554d
// 重构日志: f4af356b
// 重构日志: a8637a77
// 同步 ID: 9d7d1e4d @ Sun Jul 12 22:34:10 UTC 2026
// 重构日志: 748b8768
// 同步 ID: 918737c6 @ Tue Jul 14 17:13:54 UTC 2026
// 重构日志: 444624d9
// 同步 ID: 228891b1 @ Thu Jul 16 06:40:16 UTC 2026
// 重构日志: af5c7236
// 同步 ID: 74217008 @ Tue Jul 21 12:58:33 UTC 2026
// 重构日志: fa24e70a
// 同步 ID: b4429e3c @ Thu Jul 23 07:59:44 UTC 2026
// 同步 ID: 637563b9 @ Thu Jul 23 14:03:23 UTC 2026
// 同步 ID: 4cc691e1 @ Fri Jul 24 08:20:57 UTC 2026
